#
# A fatal error has been detected by the Java Runtime Environment:
#
#  EXCEPTION_ACCESS_VIOLATION (0xc0000005) at pc=0x000000005862a940, pid=4144, tid=0x0000000000001be4
#
# JRE version: OpenJDK Runtime Environment (8.0_152-b06) (build 1.8.0_152-release-1136-b06)
# Java VM: OpenJDK 64-Bit Server VM (25.152-b06 mixed mode windows-amd64 compressed oops)
# Problematic frame:
# V  [jvm.dll+0x8a940]
#
# Failed to write core dump. Minidumps are not enabled by default on client versions of Windows
#
# If you would like to submit a bug report, please visit:
#   http://bugreport.java.com/bugreport/crash.jsp
#

---------------  T H R E A D  ---------------

Current thread (0x00000000031f7000):  GCTaskThread [stack: 0x0000000012bb0000,0x0000000012cb0000] [id=7140]

siginfo: ExceptionCode=0xc0000005, reading address 0x0000000001880388

Registers:
RAX=0x0000000000000001, RBX=0x00000000e0856818, RCX=0x00000000e0856818, RDX=0x0000000001880380
RSP=0x0000000012caf3d8, RBP=0x0000000000000000, RSI=0x0000000016c13000, RDI=0x0000000016c13000
R8 =0x0000000016c13000, R9 =0x00000000e0856818, R10=0x000000000000000c, R11=0x000000000000000c
R12=0x0000000058b88f60, R13=0x006f003500750079, R14=0x0000000000000000, R15=0x00000000031f77b0
RIP=0x000000005862a940, EFLAGS=0x0000000000010202

Top of Stack: (sp=0x0000000012caf3d8)
0x0000000012caf3d8:   000000005896ca32 00000000e2856898
0x0000000012caf3e8:   0000000016c13000 0000000016c13000
0x0000000012caf3f8:   0000000058695155 00000000e4c9c010
0x0000000012caf408:   0000000000001000 000000001b1f9f88
0x0000000012caf418:   000000001b1f9f8c 0000000000000000
0x0000000012caf428:   00000000031ef400 0000000058b88f60
0x0000000012caf438:   000000005896cda0 00000000e4c9c050
0x0000000012caf448:   0000000000000000 0000000016c13000
0x0000000012caf458:   0000000016c13000 00000000e4c9c050
0x0000000012caf468:   000000005896d945 00000000e295c318
0x0000000012caf478:   0000000000000000 0000000016c13000
0x0000000012caf488:   000000005896f716 00000000032d04b8
0x0000000012caf498:   0000000000000c00 0000000000000000
0x0000000012caf4a8:   0000000000000000 00000000031f7700
0x0000000012caf4b8:   0000000019be4000 0000000058bb6001
0x0000000012caf4c8:   000000005878fa01 00005e731ce9d996 

Instructions: (pc=0x000000005862a940)
0x000000005862a920:   ac 50 1d 00 48 8b 9c 24 c0 00 00 00 48 81 c4 b0
0x000000005862a930:   00 00 00 5d c3 cc cc cc cc cc cc cc cc cc cc cc
0x000000005862a940:   44 8b 42 08 4c 8b ca 45 85 c0 7e 0e 41 f6 c0 01
0x000000005862a950:   75 57 41 c1 f8 03 41 8b c0 c3 79 4d 80 3d 9e 10 


Register to memory mapping:

RAX=0x0000000000000001 is an unknown value
RBX=0x00000000e0856818 is an oop

[error occurred during error reporting (printing register info), id 0xc0000005]

Stack: [0x0000000012bb0000,0x0000000012cb0000],  sp=0x0000000012caf3d8,  free space=1020k
Native frames: (J=compiled Java code, j=interpreted, Vv=VM code, C=native code)


---------------  P R O C E S S  ---------------

Java Threads: ( => current thread )
  0x0000000018688000 JavaThread "Cache worker for file hash cache (C:\Users\Luke\AndroidStudioProjects\karaoke\android\.gradle\4.4\fileHashes)" [_thread_blocked, id=9620, stack(0x000000001c7d0000,0x000000001c8d0000)]
  0x0000000019d9e000 JavaThread "File lock request listener" [_thread_in_native, id=200, stack(0x000000001c6d0000,0x000000001c7d0000)]
  0x00000000187b3000 JavaThread "Cache worker for file hash cache (C:\Users\Luke\.gradle\caches\4.4\fileHashes)" [_thread_blocked, id=4228, stack(0x000000001b600000,0x000000001b700000)]
  0x0000000019bdb000 JavaThread "Stdin handler" [_thread_blocked, id=6456, stack(0x000000001b300000,0x000000001b400000)]
  0x0000000019bda800 JavaThread "Asynchronous log dispatcher for DefaultDaemonConnection: socket connection from /127.0.0.1:50518 to /127.0.0.1:50519" [_thread_blocked, id=3784, stack(0x000000001b200000,0x000000001b300000)]
  0x0000000019be4000 JavaThread "Daemon worker" [_thread_blocked, id=7900, stack(0x000000001b100000,0x000000001b200000)]
  0x0000000019be3800 JavaThread "Cancel handler" [_thread_blocked, id=2576, stack(0x000000001b000000,0x000000001b100000)]
  0x0000000019bcc000 JavaThread "Handler for socket connection from /127.0.0.1:50518 to /127.0.0.1:50519" [_thread_in_native, id=832, stack(0x000000001ad00000,0x000000001ae00000)]
  0x0000000019bcb000 JavaThread "Daemon" [_thread_blocked, id=7144, stack(0x000000001ac00000,0x000000001ad00000)]
  0x00000000199ca800 JavaThread "Daemon periodic checks" [_thread_blocked, id=5984, stack(0x000000001ab00000,0x000000001ac00000)]
  0x0000000019bc9800 JavaThread "Incoming local TCP Connector on port 50518" [_thread_in_native, id=4944, stack(0x000000001a8c0000,0x000000001a9c0000)]
  0x00000000185d8800 JavaThread "Service Thread" daemon [_thread_blocked, id=2044, stack(0x00000000189b0000,0x0000000018ab0000)]
  0x0000000016c57000 JavaThread "C1 CompilerThread2" daemon [_thread_blocked, id=8692, stack(0x00000000184b0000,0x00000000185b0000)]
  0x0000000016c54800 JavaThread "C2 CompilerThread1" daemon [_thread_blocked, id=8504, stack(0x00000000183b0000,0x00000000184b0000)]
  0x0000000016c51000 JavaThread "C2 CompilerThread0" daemon [_thread_blocked, id=4484, stack(0x00000000182b0000,0x00000000183b0000)]
  0x0000000016c4e800 JavaThread "Attach Listener" daemon [_thread_blocked, id=6892, stack(0x00000000181b0000,0x00000000182b0000)]
  0x0000000016c4d800 JavaThread "Signal Dispatcher" daemon [_thread_blocked, id=2504, stack(0x00000000180b0000,0x00000000181b0000)]
  0x0000000016c3e000 JavaThread "Finalizer" daemon [_thread_blocked, id=6480, stack(0x0000000017ec0000,0x0000000017fc0000)]
  0x00000000032d2800 JavaThread "Reference Handler" daemon [_thread_blocked, id=2224, stack(0x0000000017dc0000,0x0000000017ec0000)]
  0x00000000031e2800 JavaThread "main" [_thread_blocked, id=3136, stack(0x0000000003010000,0x0000000003110000)]

Other Threads:
  0x0000000016c16800 VMThread [stack: 0x0000000017cc0000,0x0000000017dc0000] [id=10216]
  0x0000000016cae800 WatcherThread [stack: 0x0000000018ab0000,0x0000000018bb0000] [id=2780]

=>0x00000000031f7000 (exited) GCTaskThread [stack: 0x0000000012bb0000,0x0000000012cb0000] [id=7140]

VM state:at safepoint (normal execution)

VM Mutex/Monitor currently owned by a thread:  ([mutex/lock_event])
[0x00000000031ddb00] Threads_lock - owner thread: 0x0000000016c16800
[0x00000000031de180] Heap_lock - owner thread: 0x0000000019be4000

Heap:
 PSYoungGen      total 76288K, used 73125K [0x00000000e0000000, 0x00000000e5500000, 0x0000000100000000)
  eden space 65536K, 100% used [0x00000000e0000000,0x00000000e4000000,0x00000000e4000000)
  from space 10752K, 70% used [0x00000000e4000000,0x00000000e4769678,0x00000000e4a80000)
  to   space 10752K, 50% used [0x00000000e4a80000,0x00000000e4fcc010,0x00000000e5500000)
 ParOldGen       total 175104K, used 24K [0x00000000a0000000, 0x00000000aab00000, 0x00000000e0000000)
  object space 175104K, 0% used [0x00000000a0000000,0x00000000a0006000,0x00000000aab00000)
 Metaspace       used 16969K, capacity 17318K, committed 17408K, reserved 1064960K
  class space    used 2421K, capacity 2531K, committed 2560K, reserved 1048576K

Card table byte_map: [0x00000000126a0000,0x00000000129b0000] byte_map_base: 0x00000000121a0000

Marking Bits: (ParMarkBitMap*) 0x0000000058d65aa0
 Begin Bits: [0x0000000012fb0000, 0x00000000147b0000)
 End Bits:   [0x00000000147b0000, 0x0000000015fb0000)

Polling page: 0x0000000000ff0000

CodeCache: size=245760Kb used=4981Kb max_used=4981Kb free=240778Kb
 bounds [0x00000000032e0000, 0x00000000037d0000, 0x00000000122e0000]
 total_blobs=1799 nmethods=1424 adapters=288
 compilation: enabled

Compilation events (10 events):
Event: 7.838 Thread 0x0000000016c57000 1554       3       org.objectweb.asm.Type::getDescriptor (87 bytes)
Event: 7.839 Thread 0x0000000016c57000 nmethod 1554 0x0000000003791510 code [0x00000000037917c0, 0x0000000003792b58]
Event: 7.839 Thread 0x0000000016c57000 1553       3       org.objectweb.asm.Frame::get (46 bytes)
Event: 7.839 Thread 0x0000000016c57000 nmethod 1553 0x0000000003791090 code [0x0000000003791200, 0x0000000003791450]
Event: 7.841 Thread 0x0000000016c57000 1555       3       sun.reflect.NativeMethodAccessorImpl::invoke (104 bytes)
Event: 7.842 Thread 0x0000000016c57000 nmethod 1555 0x00000000037bc110 code [0x00000000037bc380, 0x00000000037bd818]
Event: 7.842 Thread 0x0000000016c57000 1558       3       java.util.IdentityHashMap::get (60 bytes)
Event: 7.842 Thread 0x0000000016c57000 nmethod 1558 0x0000000003790410 code [0x00000000037905c0, 0x0000000003790a68]
Event: 7.842 Thread 0x0000000016c57000 1557   !   3       org.gradle.internal.service.DefaultServiceRegistry::doGet (102 bytes)
Event: 7.843 Thread 0x0000000016c57000 nmethod 1557 0x00000000037be0d0 code [0x00000000037be3a0, 0x00000000037bf9f8]

GC Heap History (3 events):
Event: 6.276 GC heap before
{Heap before GC invocations=1 (full 0):
 PSYoungGen      total 76288K, used 65536K [0x00000000e0000000, 0x00000000e5500000, 0x0000000100000000)
  eden space 65536K, 100% used [0x00000000e0000000,0x00000000e4000000,0x00000000e4000000)
  from space 10752K, 0% used [0x00000000e4a80000,0x00000000e4a80000,0x00000000e5500000)
  to   space 10752K, 0% used [0x00000000e4000000,0x00000000e4000000,0x00000000e4a80000)
 ParOldGen       total 175104K, used 0K [0x00000000a0000000, 0x00000000aab00000, 0x00000000e0000000)
  object space 175104K, 0% used [0x00000000a0000000,0x00000000a0000000,0x00000000aab00000)
 Metaspace       used 10595K, capacity 10920K, committed 11008K, reserved 1058816K
  class space    used 1391K, capacity 1486K, committed 1536K, reserved 1048576K
Event: 6.283 GC heap after
Heap after GC invocations=1 (full 0):
 PSYoungGen      total 76288K, used 7589K [0x00000000e0000000, 0x00000000e5500000, 0x0000000100000000)
  eden space 65536K, 0% used [0x00000000e0000000,0x00000000e0000000,0x00000000e4000000)
  from space 10752K, 70% used [0x00000000e4000000,0x00000000e4769678,0x00000000e4a80000)
  to   space 10752K, 0% used [0x00000000e4a80000,0x00000000e4a80000,0x00000000e5500000)
 ParOldGen       total 175104K, used 16K [0x00000000a0000000, 0x00000000aab00000, 0x00000000e0000000)
  object space 175104K, 0% used [0x00000000a0000000,0x00000000a0004000,0x00000000aab00000)
 Metaspace       used 10595K, capacity 10920K, committed 11008K, reserved 1058816K
  class space    used 1391K, capacity 1486K, committed 1536K, reserved 1048576K
}
Event: 7.843 GC heap before
{Heap before GC invocations=2 (full 0):
 PSYoungGen      total 76288K, used 73125K [0x00000000e0000000, 0x00000000e5500000, 0x0000000100000000)
  eden space 65536K, 100% used [0x00000000e0000000,0x00000000e4000000,0x00000000e4000000)
  from space 10752K, 70% used [0x00000000e4000000,0x00000000e4769678,0x00000000e4a80000)
  to   space 10752K, 0% used [0x00000000e4a80000,0x00000000e4a80000,0x00000000e5500000)
 ParOldGen       total 175104K, used 16K [0x00000000a0000000, 0x00000000aab00000, 0x00000000e0000000)
  object space 175104K, 0% used [0x00000000a0000000,0x00000000a0004000,0x00000000aab00000)
 Metaspace       used 16969K, capacity 17318K, committed 17408K, reserved 1064960K
  class space    used 2421K, capacity 2531K, committed 2560K, reserved 1048576K

Deoptimization events (10 events):
Event: 6.369 Thread 0x0000000019bcc000 Uncommon trap: reason=unstable_if action=reinterpret pc=0x0000000003665ce0 method=java.util.concurrent.ConcurrentHashMap.putVal(Ljava/lang/Object;Ljava/lang/Object;Z)Ljava/lang/Object; @ 206
Event: 6.448 Thread 0x0000000019be4000 Uncommon trap: reason=bimorphic action=maybe_recompile pc=0x00000000035fefd4 method=java.util.HashMap.putVal(ILjava/lang/Object;Ljava/lang/Object;ZZ)Ljava/lang/Object; @ 253
Event: 6.448 Thread 0x0000000019be4000 Uncommon trap: reason=bimorphic action=maybe_recompile pc=0x00000000035fefd4 method=java.util.HashMap.putVal(ILjava/lang/Object;Ljava/lang/Object;ZZ)Ljava/lang/Object; @ 253
Event: 6.477 Thread 0x0000000019be4000 Uncommon trap: reason=class_check action=maybe_recompile pc=0x0000000003577698 method=java.util.regex.Matcher.match(II)Z @ 86
Event: 7.169 Thread 0x0000000019be4000 Uncommon trap: reason=class_check action=maybe_recompile pc=0x0000000003577698 method=java.util.regex.Matcher.match(II)Z @ 86
Event: 7.169 Thread 0x0000000019be4000 Uncommon trap: reason=class_check action=maybe_recompile pc=0x000000000354469c method=java.util.regex.Matcher.match(II)Z @ 86
Event: 7.234 Thread 0x0000000019be4000 Uncommon trap: reason=unstable_if action=reinterpret pc=0x00000000033f2574 method=java.lang.String.lastIndexOf([CII[CIII)I @ 66
Event: 7.683 Thread 0x0000000019be4000 Uncommon trap: reason=unstable_if action=reinterpret pc=0x00000000034372c8 method=java.net.URI.match(CJJ)Z @ 19
Event: 7.683 Thread 0x0000000019be4000 Uncommon trap: reason=unstable_if action=reinterpret pc=0x000000000356ef40 method=java.net.URI.match(CJJ)Z @ 19
Event: 7.778 Thread 0x0000000019be4000 Uncommon trap: reason=unstable_if action=reinterpret pc=0x000000000356e690 method=java.io.File.getName()Ljava/lang/String; @ 16

Classes redefined (0 events):
No events

Internal exceptions (10 events):
Event: 6.371 Thread 0x0000000019bcc000 Exception <a 'java/lang/NoSuchMethodError': <clinit>> (0x00000000e0622de8) thrown at [D:\src\AOSP-openjdk-cygwin\jdk8u\hotspot\src\share\vm\prims\jni.cpp, line 1613]
Event: 6.372 Thread 0x0000000019bcc000 Exception <a 'java/lang/NoSuchMethodError': <clinit>> (0x00000000e0631a68) thrown at [D:\src\AOSP-openjdk-cygwin\jdk8u\hotspot\src\share\vm\prims\jni.cpp, line 1613]
Event: 6.374 Thread 0x0000000019bcc000 Exception <a 'java/lang/NoSuchMethodError': <clinit>> (0x00000000e0652fc0) thrown at [D:\src\AOSP-openjdk-cygwin\jdk8u\hotspot\src\share\vm\prims\jni.cpp, line 1613]
Event: 6.379 Thread 0x0000000019bcc000 Exception <a 'java/lang/NoSuchMethodError': <clinit>> (0x00000000e06aa230) thrown at [D:\src\AOSP-openjdk-cygwin\jdk8u\hotspot\src\share\vm\prims\jni.cpp, line 1613]
Event: 6.381 Thread 0x0000000019bcc000 Exception <a 'java/lang/NoSuchMethodError': <clinit>> (0x00000000e06d8da8) thrown at [D:\src\AOSP-openjdk-cygwin\jdk8u\hotspot\src\share\vm\prims\jni.cpp, line 1613]
Event: 6.384 Thread 0x0000000019bcc000 Exception <a 'java/lang/NoSuchMethodError': <clinit>> (0x00000000e070c4e8) thrown at [D:\src\AOSP-openjdk-cygwin\jdk8u\hotspot\src\share\vm\prims\jni.cpp, line 1613]
Event: 6.385 Thread 0x0000000019bcc000 Exception <a 'java/lang/NoSuchMethodError': <clinit>> (0x00000000e071a000) thrown at [D:\src\AOSP-openjdk-cygwin\jdk8u\hotspot\src\share\vm\prims\jni.cpp, line 1613]
Event: 6.387 Thread 0x0000000019bcc000 Exception <a 'java/lang/NoSuchMethodError': <clinit>> (0x00000000e0742888) thrown at [D:\src\AOSP-openjdk-cygwin\jdk8u\hotspot\src\share\vm\prims\jni.cpp, line 1613]
Event: 6.404 Thread 0x0000000019be4000 Exception <a 'java/lang/NoSuchMethodError': <clinit>> (0x00000000e081e8a0) thrown at [D:\src\AOSP-openjdk-cygwin\jdk8u\hotspot\src\share\vm\prims\jni.cpp, line 1613]
Event: 6.404 Thread 0x0000000019be4000 Exception <a 'java/lang/NoSuchMethodError': <clinit>> (0x00000000e0826b28) thrown at [D:\src\AOSP-openjdk-cygwin\jdk8u\hotspot\src\share\vm\prims\jni.cpp, line 1613]

Events (10 events):
Event: 7.841 loading class org/gradle/api/internal/file/BaseDirFileResolver done
Event: 7.841 loading class org/gradle/api/internal/file/AbstractBaseDirFileResolver
Event: 7.841 loading class org/gradle/api/internal/file/AbstractBaseDirFileResolver done
Event: 7.842 loading class org/gradle/util/GUtil$1
Event: 7.842 loading class org/gradle/util/GUtil$1 done
Event: 7.842 loading class org/gradle/internal/metaobject/AbstractDynamicObject$CustomMessageMissingMethodException
Event: 7.842 loading class org/gradle/internal/metaobject/AbstractDynamicObject$CustomMessageMissingMethodException done
Event: 7.843 loading class org/gradle/internal/metaobject/BeanDynamicObject$MetaClassAdapter
Event: 7.843 loading class org/gradle/internal/metaobject/BeanDynamicObject$MetaClassAdapter done
Event: 7.843 Executing VM operation: ParallelGCFailedAllocation


Dynamic libraries:
0x00007ff6cc340000 - 0x00007ff6cc371000 	C:\Program Files\Android\Android Studio\jre\bin\java.exe
0x00007ffc8bad0000 - 0x00007ffc8bcb1000 	C:\WINDOWS\SYSTEM32\ntdll.dll
0x00007ffc89250000 - 0x00007ffc89302000 	C:\WINDOWS\System32\KERNEL32.DLL
0x00007ffc88220000 - 0x00007ffc88493000 	C:\WINDOWS\System32\KERNELBASE.dll
0x00007ffc8ac90000 - 0x00007ffc8ad31000 	C:\WINDOWS\System32\ADVAPI32.dll
0x00007ffc88f60000 - 0x00007ffc88ffe000 	C:\WINDOWS\System32\msvcrt.dll
0x00007ffc894c0000 - 0x00007ffc8951b000 	C:\WINDOWS\System32\sechost.dll
0x00007ffc89060000 - 0x00007ffc89184000 	C:\WINDOWS\System32\RPCRT4.dll
0x00007ffc8b340000 - 0x00007ffc8b4d0000 	C:\WINDOWS\System32\USER32.dll
0x00007ffc88f40000 - 0x00007ffc88f60000 	C:\WINDOWS\System32\win32u.dll
0x00007ffc8b8e0000 - 0x00007ffc8b908000 	C:\WINDOWS\System32\GDI32.dll
0x00007ffc87f20000 - 0x00007ffc880b2000 	C:\WINDOWS\System32\gdi32full.dll
0x00007ffc88690000 - 0x00007ffc8872f000 	C:\WINDOWS\System32\msvcp_win.dll
0x00007ffc88120000 - 0x00007ffc8821a000 	C:\WINDOWS\System32\ucrtbase.dll
0x00007ffc828f0000 - 0x00007ffc82b59000 	C:\WINDOWS\WinSxS\amd64_microsoft.windows.common-controls_6595b64144ccf1df_6.0.17134.285_none_fb4297e330656775\COMCTL32.dll
0x00007ffc8b5b0000 - 0x00007ffc8b8d3000 	C:\WINDOWS\System32\combase.dll
0x00007ffc87ea0000 - 0x00007ffc87f1a000 	C:\WINDOWS\System32\bcryptPrimitives.dll
0x00007ffc8ad40000 - 0x00007ffc8ad6d000 	C:\WINDOWS\System32\IMM32.DLL
0x00000000584c0000 - 0x0000000058592000 	C:\Program Files\Android\Android Studio\jre\jre\bin\msvcr100.dll
0x00000000585a0000 - 0x0000000058de1000 	C:\Program Files\Android\Android Studio\jre\jre\bin\server\jvm.dll
0x00007ffc89190000 - 0x00007ffc89198000 	C:\WINDOWS\System32\PSAPI.DLL
0x00007ffc741e0000 - 0x00007ffc741e9000 	C:\WINDOWS\SYSTEM32\WSOCK32.dll
0x00007ffc85c10000 - 0x00007ffc85c33000 	C:\WINDOWS\SYSTEM32\WINMM.dll
0x00007ffc83830000 - 0x00007ffc8383a000 	C:\WINDOWS\SYSTEM32\VERSION.dll
0x00007ffc8aac0000 - 0x00007ffc8ab2c000 	C:\WINDOWS\System32\WS2_32.dll
0x00007ffc85be0000 - 0x00007ffc85c0a000 	C:\WINDOWS\SYSTEM32\winmmbase.dll
0x00007ffc887e0000 - 0x00007ffc88829000 	C:\WINDOWS\System32\cfgmgr32.dll
0x00007ffc77220000 - 0x00007ffc7722f000 	C:\Program Files\Android\Android Studio\jre\jre\bin\verify.dll
0x00007ffc740b0000 - 0x00007ffc740d9000 	C:\Program Files\Android\Android Studio\jre\jre\bin\java.dll
0x00007ffc769b0000 - 0x00007ffc769c6000 	C:\Program Files\Android\Android Studio\jre\jre\bin\zip.dll
0x00007ffc89520000 - 0x00007ffc8a960000 	C:\WINDOWS\System32\SHELL32.dll
0x00007ffc891a0000 - 0x00007ffc89249000 	C:\WINDOWS\System32\shcore.dll
0x00007ffc88830000 - 0x00007ffc88f3d000 	C:\WINDOWS\System32\windows.storage.dll
0x00007ffc8aa30000 - 0x00007ffc8aa81000 	C:\WINDOWS\System32\shlwapi.dll
0x00007ffc87e30000 - 0x00007ffc87e41000 	C:\WINDOWS\System32\kernel.appcore.dll
0x00007ffc87e10000 - 0x00007ffc87e2f000 	C:\WINDOWS\System32\profapi.dll
0x00007ffc87e50000 - 0x00007ffc87e9c000 	C:\WINDOWS\System32\powrprof.dll
0x00007ffc87e00000 - 0x00007ffc87e0a000 	C:\WINDOWS\System32\FLTLIB.DLL
0x00007ffc76730000 - 0x00007ffc7674a000 	C:\Program Files\Android\Android Studio\jre\jre\bin\net.dll
0x00007ffc87660000 - 0x00007ffc876c6000 	C:\WINDOWS\system32\mswsock.dll
0x00007ffc761b0000 - 0x00007ffc761c1000 	C:\Program Files\Android\Android Studio\jre\jre\bin\nio.dll
0x00007ffc84230000 - 0x00007ffc8424e000 	C:\Users\Luke\.gradle\native\25\windows-amd64\native-platform.dll
0x00007ffc76af0000 - 0x00007ffc76afd000 	C:\Program Files\Android\Android Studio\jre\jre\bin\management.dll
0x00007ffc87810000 - 0x00007ffc87827000 	C:\WINDOWS\SYSTEM32\CRYPTSP.dll
0x00007ffc871e0000 - 0x00007ffc87213000 	C:\WINDOWS\system32\rsaenh.dll
0x00007ffc87940000 - 0x00007ffc87965000 	C:\WINDOWS\SYSTEM32\bcrypt.dll
0x00007ffc87ce0000 - 0x00007ffc87d08000 	C:\WINDOWS\SYSTEM32\USERENV.dll
0x00007ffc87830000 - 0x00007ffc8783b000 	C:\WINDOWS\SYSTEM32\CRYPTBASE.dll
0x00007ffc87380000 - 0x00007ffc873b8000 	C:\WINDOWS\SYSTEM32\IPHLPAPI.DLL
0x00007ffc8aa90000 - 0x00007ffc8aa98000 	C:\WINDOWS\System32\NSI.dll
0x00007ffc7f080000 - 0x00007ffc7f096000 	C:\WINDOWS\SYSTEM32\dhcpcsvc6.DLL
0x00007ffc7f060000 - 0x00007ffc7f07a000 	C:\WINDOWS\SYSTEM32\dhcpcsvc.DLL
0x00007ffc7ac60000 - 0x00007ffc7ae29000 	C:\WINDOWS\SYSTEM32\dbghelp.dll

VM Arguments:
jvm_args: -Xmx1536M -Dfile.encoding=windows-1252 -Duser.country=US -Duser.language=en -Duser.variant 
java_command: org.gradle.launcher.daemon.bootstrap.GradleDaemon 4.4
java_class_path (initial): C:\Users\Luke\.gradle\wrapper\dists\gradle-4.4-all\9br9xq1tocpiv8o6njlyu5op1\gradle-4.4\lib\gradle-launcher-4.4.jar
Launcher Type: SUN_STANDARD

Environment Variables:
JAVA_HOME=C:\Program Files\Android\Android Studio\jre
CLASSPATH=C:\Users\Luke\AndroidStudioProjects\karaoke\android\\gradle\wrapper\gradle-wrapper.jar
PATH=C:\Program Files (x86)\Common Files\Oracle\Java\javapath;C:\WINDOWS\system32;C:\WINDOWS;C:\WINDOWS\System32\Wbem;C:\WINDOWS\System32\WindowsPowerShell\v1.0\;C:\WINDOWS\System32\OpenSSH\;C:\MinGW\bin;C:\MinGW\msys\1.0\bin;C:\Program Files\Git\cmd;C:\Users\Luke\AppData\Local\Microsoft\WindowsApps;C:\flutter\bin;
USERNAME=Luke
OS=Windows_NT
PROCESSOR_IDENTIFIER=Intel64 Family 6 Model 94 Stepping 3, GenuineIntel



---------------  S Y S T E M  ---------------

OS: Windows 10.0 , 64 bit Build 17134 (10.0.17134.1)

CPU:total 4 (initial active 4) (4 cores per cpu, 1 threads per core) family 6 model 94 stepping 3, cmov, cx8, fxsr, mmx, sse, sse2, sse3, ssse3, sse4.1, sse4.2, popcnt, avx, avx2, aes, clmul, erms, rtm, 3dnowpref, lzcnt, tsc, tscinvbit, bmi1, bmi2, adx

Memory: 4k page, physical 16725844k(10292436k free), swap 19216212k(10580912k free)

vm_info: OpenJDK 64-Bit Server VM (25.152-b06) for windows-amd64 JRE (1.8.0_152-release-1136-b06), built by "builder" with MS VC++ 10.0 (VS2010)

time: Sun Oct 07 15:27:31 2018
elapsed time: 7 seconds (0d 0h 0m 7s)

